<?xml version="1.0" encoding="UTF-8"?>
<!-- Generated by org.testng.reporters.JUnitReportReporter -->
<testsuite hostname="Jainas-Air" failures="0" tests="5" name="com.qa.company.testNg.PriorityTest" time="0.003" errors="0" timestamp="2022-05-25T11:06:46 EDT" skipped="1">
  <testcase classname="com.qa.company.testNg.PriorityTest" name="cTets" time="0.003"/>
  <system-out/>
  <testcase classname="com.qa.company.testNg.PriorityTest" name="aTest" time="0.000"/>
  <system-out/>
  <testcase classname="com.qa.company.testNg.PriorityTest" name="fTets" time="0.000"/>
  <system-out/>
  <testcase classname="com.qa.company.testNg.PriorityTest" name="eTets" time="0.000"/>
  <system-out/>
  <testcase classname="com.qa.company.testNg.PriorityTest" name="bTest">
    <skipped/>
  </testcase> <!-- bTest -->
  <system-out/>
</testsuite> <!-- com.qa.company.testNg.PriorityTest -->
