<?xml version="1.0" encoding="UTF-8"?>
<!-- Generated by org.testng.reporters.JUnitReportReporter -->
<testsuite hostname="Jainas-Air" failures="0" tests="2" name="com.qa.company.testNg.HardAssertDemo" time="7.728" errors="0" timestamp="2022-05-26T09:47:51 EDT" skipped="0">
  <testcase classname="com.qa.company.testNg.HardAssertDemo" name="orangeHRMTitleTest" time="3.092"/>
  <system-out/>
  <testcase classname="com.qa.company.testNg.HardAssertDemo" name="orangeHRMLogoTest" time="4.636"/>
  <system-out/>
</testsuite> <!-- com.qa.company.testNg.HardAssertDemo -->
