<?xml version="1.0" encoding="UTF-8"?>
<!-- Generated by org.testng.reporters.JUnitReportReporter -->
<testsuite hostname="Jainas-Air" failures="0" tests="12" name="com.qa.company.testNg.OrangeHRMTest" time="42.370" errors="0" timestamp="2022-05-25T12:12:22 EDT" skipped="0">
  <testcase classname="com.qa.company.testNg.OrangeHRMTest" name="orangeHRMLogoTest" time="3.269"/>
  <system-out/>
  <testcase classname="com.qa.company.testNg.OrangeHRMTest" name="orangeHRMLogoTest" time="3.253"/>
  <system-out/>
  <testcase classname="com.qa.company.testNg.OrangeHRMTest" name="orangeHRMLogoTest" time="3.269"/>
  <system-out/>
  <testcase classname="com.qa.company.testNg.OrangeHRMTest" name="orangeHRMTitleTest" time="3.120"/>
  <system-out/>
  <testcase classname="com.qa.company.testNg.OrangeHRMTest" name="orangeHRMLogoTest" time="3.462"/>
  <system-out/>
  <testcase classname="com.qa.company.testNg.OrangeHRMTest" name="orangeHRMLogoTest" time="3.251"/>
  <system-out/>
  <testcase classname="com.qa.company.testNg.OrangeHRMTest" name="orangeHRMLogoTest" time="3.186"/>
  <system-out/>
  <testcase classname="com.qa.company.testNg.OrangeHRMTest" name="orangeHRMLogoTest" time="3.203"/>
  <system-out/>
  <testcase classname="com.qa.company.testNg.OrangeHRMTest" name="orangeHRMLogoTest" time="6.550"/>
  <system-out/>
  <testcase classname="com.qa.company.testNg.OrangeHRMTest" name="orangeHRMLogoTest" time="3.438"/>
  <system-out/>
  <testcase classname="com.qa.company.testNg.OrangeHRMTest" name="orangeHRMLogoTest" time="3.175"/>
  <system-out/>
  <testcase classname="com.qa.company.testNg.OrangeHRMTest" name="loginTextTest" time="3.194"/>
  <system-out/>
</testsuite> <!-- com.qa.company.testNg.OrangeHRMTest -->
