<?xml version="1.0" encoding="UTF-8"?>
<!-- Generated by org.testng.reporters.JUnitReportReporter -->
<testsuite hostname="Jainas-Air" failures="0" tests="3" name="com.qa.company.testNg.TestNGFeatures" time="0.004" errors="0" timestamp="2022-05-25T10:55:18 EDT" skipped="0">
  <testcase classname="com.qa.company.testNg.TestNGFeatures" name="userDataTest" time="0.002"/>
  <system-out/>
  <testcase classname="com.qa.company.testNg.TestNGFeatures" name="myThirdTestCase" time="0.002"/>
  <system-out/>
  <testcase classname="com.qa.company.testNg.TestNGFeatures" name="userProfileTest" time="0.000"/>
  <system-out/>
</testsuite> <!-- com.qa.company.testNg.TestNGFeatures -->
