<?xml version="1.0" encoding="UTF-8"?>
<!-- Generated by org.testng.reporters.JUnitReportReporter -->
<testsuite hostname="Jainas-Air" failures="0" tests="6" name="com.qa.company.dataprovider.ExcelDataProvider" time="20.787" errors="1" timestamp="2022-06-13T20:03:54 EDT" skipped="0">
  <testcase classname="com.qa.company.dataprovider.ExcelDataProvider" name="loginTest" time="11.234"/>
  <system-out/>
  <testcase classname="com.qa.company.dataprovider.ExcelDataProvider" name="test1" time="0.001"/>
  <system-out/>
  <testcase classname="com.qa.company.dataprovider.ExcelDataProvider" name="test1" time="0.002"/>
  <system-out/>
  <testcase classname="com.qa.company.dataprovider.ExcelDataProvider" name="test2" time="0.001"/>
  <system-out/>
  <testcase classname="com.qa.company.dataprovider.ExcelDataProvider" name="test1" time="0.013"/>
  <system-out/>
  <testcase classname="com.qa.company.dataprovider.ExcelDataProvider" name="loginTest" time="9.536">
    <error message="Cannot locate an element using id=welcome
For documentation on this error, please visit: https://www.seleniumhq.org/exceptions/no_such_element.html
Build info: version: &#039;3.141.59&#039;, revision: &#039;e82be7d358&#039;, time: &#039;2018-11-14T08:17:03&#039;
System info: host: &#039;Jainas-Air&#039;, ip: &#039;fe80:0:0:0:1c70:5316:b9eb:efb7%en0&#039;, os.name: &#039;Mac OS X&#039;, os.arch: &#039;aarch64&#039;, os.version: &#039;12.4&#039;, java.version: &#039;11.0.15&#039;
Driver info: driver.version: RemoteWebDriver" type="org.openqa.selenium.NoSuchElementException">
      <![CDATA[org.openqa.selenium.NoSuchElementException: Cannot locate an element using id=welcome
For documentation on this error, please visit: https://www.seleniumhq.org/exceptions/no_such_element.html
Build info: version: '3.141.59', revision: 'e82be7d358', time: '2018-11-14T08:17:03'
System info: host: 'Jainas-Air', ip: 'fe80:0:0:0:1c70:5316:b9eb:efb7%en0', os.name: 'Mac OS X', os.arch: 'aarch64', os.version: '12.4', java.version: '11.0.15'
Driver info: driver.version: RemoteWebDriver
at org.openqa.selenium.remote.RemoteWebDriver.findElement(RemoteWebDriver.java:327)
at org.openqa.selenium.remote.RemoteWebDriver.findElementById(RemoteWebDriver.java:372)
at org.openqa.selenium.By$ById.findElement(By.java:188)
at org.openqa.selenium.remote.RemoteWebDriver.findElement(RemoteWebDriver.java:315)
at com.qa.company.dataprovider.ExcelDataProvider.loginTest(ExcelDataProvider.java:74)
at java.base/jdk.internal.reflect.NativeMethodAccessorImpl.invoke0(Native Method)
at java.base/jdk.internal.reflect.NativeMethodAccessorImpl.invoke(NativeMethodAccessorImpl.java:62)
at java.base/jdk.internal.reflect.DelegatingMethodAccessorImpl.invoke(DelegatingMethodAccessorImpl.java:43)
at java.base/java.lang.reflect.Method.invoke(Method.java:566)
at org.testng.internal.MethodInvocationHelper.invokeMethod(MethodInvocationHelper.java:133)
at org.testng.internal.TestInvoker.invokeMethod(TestInvoker.java:598)
at org.testng.internal.TestInvoker.invokeTestMethod(TestInvoker.java:173)
at org.testng.internal.MethodRunner.runInSequence(MethodRunner.java:46)
at org.testng.internal.TestInvoker$MethodInvocationAgent.invoke(TestInvoker.java:824)
at org.testng.internal.TestInvoker.invokeTestMethods(TestInvoker.java:146)
at org.testng.internal.TestMethodWorker.invokeTestMethods(TestMethodWorker.java:146)
at org.testng.internal.TestMethodWorker.run(TestMethodWorker.java:128)
at java.base/java.util.ArrayList.forEach(ArrayList.java:1541)
at org.testng.TestRunner.privateRun(TestRunner.java:794)
at org.testng.TestRunner.run(TestRunner.java:596)
at org.testng.SuiteRunner.runTest(SuiteRunner.java:377)
at org.testng.SuiteRunner.runSequentially(SuiteRunner.java:371)
at org.testng.SuiteRunner.privateRun(SuiteRunner.java:332)
at org.testng.SuiteRunner.run(SuiteRunner.java:276)
at org.testng.SuiteRunnerWorker.runSuite(SuiteRunnerWorker.java:53)
at org.testng.SuiteRunnerWorker.run(SuiteRunnerWorker.java:96)
at org.testng.TestNG.runSuitesSequentially(TestNG.java:1212)
at org.testng.TestNG.runSuitesLocally(TestNG.java:1134)
at org.testng.TestNG.runSuites(TestNG.java:1063)
at org.testng.TestNG.run(TestNG.java:1031)
at org.testng.remote.AbstractRemoteTestNG.run(AbstractRemoteTestNG.java:115)
at org.testng.remote.RemoteTestNG.initAndRun(RemoteTestNG.java:251)
at org.testng.remote.RemoteTestNG.main(RemoteTestNG.java:77)
]]>
    </error>
  </testcase> <!-- loginTest -->
  <system-out/>
</testsuite> <!-- com.qa.company.dataprovider.ExcelDataProvider -->
