<?xml version="1.0" encoding="UTF-8"?>
<!-- Generated by org.testng.reporters.JUnitReportReporter -->
<testsuite hostname="Jainas-Air" failures="0" tests="2" name="com.qa.company.testNg.SoftAssertDemo" time="7.688" errors="0" timestamp="2022-05-26T10:15:48 EDT" skipped="0">
  <testcase classname="com.qa.company.testNg.SoftAssertDemo" name="orangeHRMTitleTest" time="3.224"/>
  <system-out/>
  <testcase classname="com.qa.company.testNg.SoftAssertDemo" name="orangeHRMLogoTest" time="4.464"/>
  <system-out/>
</testsuite> <!-- com.qa.company.testNg.SoftAssertDemo -->
