<?xml version="1.0" encoding="UTF-8"?>
<!-- Generated by org.testng.reporters.JUnitReportReporter -->
<testsuite hostname="Jainas-Air" failures="0" tests="2" name="com.company.qa.TestNg.TestNGFeature" time="0.003" errors="0" timestamp="2022-05-23T14:47:15 EDT" skipped="0">
  <testcase classname="com.company.qa.TestNg.TestNGFeature" name="userProfileTest" time="0.001"/>
  <system-out/>
  <testcase classname="com.company.qa.TestNg.TestNGFeature" name="userDataTest" time="0.002"/>
  <system-out/>
</testsuite> <!-- com.company.qa.TestNg.TestNGFeature -->
